<?xml version="1.0" encoding="UTF-8"?>
<testng-results ignored="0" total="6" passed="6" failed="0" skipped="0">
  <reporter-output>
  </reporter-output>
  <suite started-at="2022-07-15T13:51:46 CEST" name="Suite" finished-at="2022-07-15T13:51:46 CEST" duration-ms="290">
    <groups>
    </groups>
    <test started-at="2022-07-15T13:51:46 CEST" name="Test" finished-at="2022-07-15T13:51:46 CEST" duration-ms="290">
      <class name="qaclickacademy.Mavenjava.RESTAPITest">
        <test-method signature="deleteTwitter()[pri:0, instance:qaclickacademy.Mavenjava.RESTAPITest@771a660]" started-at="2022-07-15T13:51:46 CEST" name="deleteTwitter" finished-at="2022-07-15T13:51:46 CEST" duration-ms="17" status="PASS">
          <reporter-output>
          </reporter-output>
        </test-method> <!-- deleteTwitter -->
        <test-method signature="postJira()[pri:0, instance:qaclickacademy.Mavenjava.RESTAPITest@771a660]" started-at="2022-07-15T13:51:46 CEST" name="postJira" finished-at="2022-07-15T13:51:46 CEST" duration-ms="1" status="PASS">
          <reporter-output>
          </reporter-output>
        </test-method> <!-- postJira -->
      </class> <!-- qaclickacademy.Mavenjava.RESTAPITest -->
      <class name="qaclickacademy.Mavenjava.AppiuMTest">
        <test-method signature="IOSApps()[pri:0, instance:qaclickacademy.Mavenjava.AppiuMTest@51c668e3]" started-at="2022-07-15T13:51:46 CEST" name="IOSApps" finished-at="2022-07-15T13:51:46 CEST" duration-ms="1" status="PASS">
          <reporter-output>
          </reporter-output>
        </test-method> <!-- IOSApps -->
        <test-method signature="NativeAppAndorid()[pri:0, instance:qaclickacademy.Mavenjava.AppiuMTest@51c668e3]" started-at="2022-07-15T13:51:46 CEST" name="NativeAppAndorid" finished-at="2022-07-15T13:51:46 CEST" duration-ms="2" status="PASS">
          <reporter-output>
          </reporter-output>
        </test-method> <!-- NativeAppAndorid -->
      </class> <!-- qaclickacademy.Mavenjava.AppiuMTest -->
      <class name="qaclickacademy.Mavenjava.SeleniuMTest">
        <test-method signature="BrowserAutomation()[pri:0, instance:qaclickacademy.Mavenjava.SeleniuMTest@2e6a8155]" started-at="2022-07-15T13:51:46 CEST" name="BrowserAutomation" finished-at="2022-07-15T13:51:46 CEST" duration-ms="1" status="PASS">
          <reporter-output>
          </reporter-output>
        </test-method> <!-- BrowserAutomation -->
        <test-method signature="elementsUI()[pri:0, instance:qaclickacademy.Mavenjava.SeleniuMTest@2e6a8155]" started-at="2022-07-15T13:51:46 CEST" name="elementsUI" finished-at="2022-07-15T13:51:46 CEST" duration-ms="2" status="PASS">
          <reporter-output>
          </reporter-output>
        </test-method> <!-- elementsUI -->
      </class> <!-- qaclickacademy.Mavenjava.SeleniuMTest -->
    </test> <!-- Test -->
  </suite> <!-- Suite -->
</testng-results>
