<?xml version="1.0" encoding="UTF-8"?>
<!-- Generated by org.testng.reporters.JUnitXMLReporter -->
<testsuite ignored="0" hostname="NTB-257" failures="0" tests="6" name="Test" time="0.29" errors="0" timestamp="2022-07-15T13:51:46 CEST">
  <testcase classname="qaclickacademy.Mavenjava.RESTAPITest" name="deleteTwitter" time="0.017"/>
  <testcase classname="qaclickacademy.Mavenjava.RESTAPITest" name="postJira" time="0.001"/>
  <testcase classname="qaclickacademy.Mavenjava.AppiuMTest" name="IOSApps" time="0.001"/>
  <testcase classname="qaclickacademy.Mavenjava.AppiuMTest" name="NativeAppAndorid" time="0.002"/>
  <testcase classname="qaclickacademy.Mavenjava.SeleniuMTest" name="BrowserAutomation" time="0.001"/>
  <testcase classname="qaclickacademy.Mavenjava.SeleniuMTest" name="elementsUI" time="0.002"/>
</testsuite> <!-- Test -->
